[24Feb2025 00:04:12.854] [Server thread/INFO] [net.minecraft.server.MinecraftServer/]: Andrexo_16 has made the advancement [Capsid-19]
[24Feb2025 00:06:05.205] [Server thread/INFO] [net.minecraft.server.network.ServerGamePacketListenerImpl/]: Andrexo_16 lost connection: Disconnected
[24Feb2025 00:06:05.205] [Server thread/INFO] [net.minecraft.server.MinecraftServer/]: Andrexo_16 left the game
[24Feb2025 00:06:15.110] [Server thread/WARN] [net.minecraft.server.level.ServerPlayerGameMode/]: Mismatch in destroy block pos: BlockPos{x=2033, y=26, z=1137} BlockPos{x=1972, y=54, z=1096}
[24Feb2025 00:06:15.160] [Server thread/WARN] [net.minecraft.server.level.ServerPlayerGameMode/]: Mismatch in destroy block pos: BlockPos{x=2033, y=26, z=1137} BlockPos{x=1972, y=54, z=1097}
[24Feb2025 00:07:27.845] [Server thread/INFO] [net.minecraft.server.players.PlayerList/]: Andrexo_16[/127.226.76.9:47839] logged in with entity id 29071 at (1976.2540016880607, 68.32544147750109, 1077.381087099777)
[24Feb2025 00:07:27.855] [Server thread/INFO] [net.minecraft.server.MinecraftServer/]: Andrexo_16 joined the game
[24Feb2025 00:07:27.897] [Server thread/INFO] [ToolLeveling+/]: Sending config 'tool_leveling_table.json' to player 'Andrexo_16'
[24Feb2025 00:07:27.898] [Server thread/INFO] [ToolLeveling+/]: Sending config 'command_config.json' to player 'Andrexo_16'
[24Feb2025 00:07:27.898] [Server thread/INFO] [Jade/]: Syncing config to Andrexo_16 (3bef83f2-f8e1-3838-a154-8c90f8cf9c10)
[24Feb2025 00:11:40.813] [Server thread/WARN] [net.minecraft.server.level.ServerPlayerGameMode/]: Mismatch in destroy block pos: BlockPos{x=2041, y=51, z=1100} BlockPos{x=2032, y=49, z=1087}
[24Feb2025 00:11:40.863] [Server thread/WARN] [net.minecraft.server.level.ServerPlayerGameMode/]: Mismatch in destroy block pos: BlockPos{x=2041, y=51, z=1100} BlockPos{x=2032, y=49, z=1087}
[24Feb2025 00:11:41.212] [Server thread/WARN] [net.minecraft.server.level.ServerPlayerGameMode/]: Mismatch in destroy block pos: BlockPos{x=2031, y=48, z=1087} BlockPos{x=2032, y=49, z=1088}
[24Feb2025 00:11:41.313] [Server thread/WARN] [net.minecraft.server.level.ServerPlayerGameMode/]: Mismatch in destroy block pos: BlockPos{x=2031, y=48, z=1087} BlockPos{x=2031, y=49, z=1088}
[24Feb2025 00:12:28.908] [Server thread/ERROR] [net.minecraftforge.fml.loading.RuntimeDistCleaner/DISTXFORM]: Attempted to load class net/minecraft/client/Minecraft for invalid dist DEDICATED_SERVER
[24Feb2025 00:12:28.909] [Server thread/ERROR] [net.minecraftforge.eventbus.EventBus/EVENTBUS]: Exception caught during firing event: Attempted to load class net/minecraft/client/Minecraft for invalid dist DEDICATED_SERVER
	Index: 9
	Listeners:
		0: HIGHEST
		1: ASM: class net.hir0shiyt.randomenchants2.enchantment.BackToTheChamber onArrowHit(Lnet/minecraftforge/event/entity/ProjectileImpactEvent;)V
		2: NORMAL
		3: ASM: class com.aetherteam.aether.event.listeners.abilities.WeaponAbilityListener onArrowHit(Lnet/minecraftforge/event/entity/ProjectileImpactEvent;)V
		4: ASM: class com.aetherteam.aether.event.listeners.abilities.AccessoryAbilityListener onProjectileImpact(Lnet/minecraftforge/event/entity/ProjectileImpactEvent;)V
		5: ASM: class com.aetherteam.aether.event.listeners.EntityListener onProjectileHitEntity(Lnet/minecraftforge/event/entity/ProjectileImpactEvent;)V
		6: ASM: com.github.alexthe666.alexsmobs.event.ServerEvents@233e295e onProjectileHit(Lnet/minecraftforge/event/entity/ProjectileImpactEvent;)V
		7: ASM: class twilightforest.events.ToolEvents onEnderBowHit(Lnet/minecraftforge/event/entity/ProjectileImpactEvent;)V
		8: ASM: class twilightforest.events.EntityEvents onParryProjectile(Lnet/minecraftforge/event/entity/ProjectileImpactEvent;)V
		9: ASM: class net.hir0shiyt.randomenchants2.enchantment.TrueLifeSteal onArrowHit(Lnet/minecraftforge/event/entity/ProjectileImpactEvent;)V
		10: ASM: class net.hir0shiyt.randomenchants2.enchantment.Transposition onArrowHit(Lnet/minecraftforge/event/entity/ProjectileImpactEvent;)V
		11: ASM: class net.hir0shiyt.randomenchants2.enchantment.Torches onBlockHit(Lnet/minecraftforge/event/entity/ProjectileImpactEvent;)V
		12: ASM: class net.hir0shiyt.randomenchants2.enchantment.Teleportation teleportArrow(Lnet/minecraftforge/event/entity/ProjectileImpactEvent;)V
		13: ASM: class net.hir0shiyt.randomenchants2.enchantment.Shattering arrowHit(Lnet/minecraftforge/event/entity/ProjectileImpactEvent;)V
		14: ASM: class net.hir0shiyt.randomenchants2.enchantment.Ricochet arrowHit(Lnet/minecraftforge/event/entity/ProjectileImpactEvent;)V
		15: ASM: class net.hir0shiyt.randomenchants2.enchantment.Reflect onProjectileImpact(Lnet/minecraftforge/event/entity/ProjectileImpactEvent;)V
		16: ASM: class net.hir0shiyt.randomenchants2.enchantment.Paralysis onArrowImpact(Lnet/minecraftforge/event/entity/ProjectileImpactEvent;)V
		17: ASM: class net.hir0shiyt.randomenchants2.enchantment.InstantDeath onArrowImpact(Lnet/minecraftforge/event/entity/ProjectileImpactEvent;)V
		18: ASM: class net.hir0shiyt.randomenchants2.enchantment.Harvest arrowHit(Lnet/minecraftforge/event/entity/ProjectileImpactEvent;)V
		19: ASM: class net.hir0shiyt.randomenchants2.enchantment.Floating onArrowImpact(Lnet/minecraftforge/event/entity/ProjectileImpactEvent;)V
		20: ASM: class net.hir0shiyt.randomenchants2.enchantment.Disarm onArrowImpact(Lnet/minecraftforge/event/entity/ProjectileImpactEvent;)V
		21: ASM: class net.hir0shiyt.randomenchants2.enchantment.Deflect deflect(Lnet/minecraftforge/event/entity/ProjectileImpactEvent;)V
		22: ASM: class net.hir0shiyt.randomenchants2.enchantment.CursedJumping onArrowImpact(Lnet/minecraftforge/event/entity/ProjectileImpactEvent;)V
		23: ASM: class com.simibubi.create.content.processing.burner.BlazeBurnerHandler onThrowableImpact(Lnet/minecraftforge/event/entity/ProjectileImpactEvent;)V
java.lang.RuntimeException: Attempted to load class net/minecraft/client/Minecraft for invalid dist DEDICATED_SERVER
	at MC-BOOTSTRAP/fmlloader@1.20.1-47.3.33/net.minecraftforge.fml.loading.RuntimeDistCleaner.processClassWithFlags(RuntimeDistCleaner.java:57)
	at MC-BOOTSTRAP/cpw.mods.modlauncher@10.0.9/cpw.mods.modlauncher.LaunchPluginHandler.offerClassNodeToPlugins(LaunchPluginHandler.java:88)
	at MC-BOOTSTRAP/cpw.mods.modlauncher@10.0.9/cpw.mods.modlauncher.ClassTransformer.transform(ClassTransformer.java:120)
	at MC-BOOTSTRAP/cpw.mods.modlauncher@10.0.9/cpw.mods.modlauncher.TransformingClassLoader.maybeTransformClassBytes(TransformingClassLoader.java:50)
	at cpw.mods.securejarhandler/cpw.mods.cl.ModuleClassLoader.readerToClass(ModuleClassLoader.java:113)
	at cpw.mods.securejarhandler/cpw.mods.cl.ModuleClassLoader.lambda$findClass$15(ModuleClassLoader.java:219)
	at cpw.mods.securejarhandler/cpw.mods.cl.ModuleClassLoader.loadFromModule(ModuleClassLoader.java:229)
	at cpw.mods.securejarhandler/cpw.mods.cl.ModuleClassLoader.findClass(ModuleClassLoader.java:219)
	at cpw.mods.securejarhandler/cpw.mods.cl.ModuleClassLoader.loadClass(ModuleClassLoader.java:135)
	at java.base/java.lang.ClassLoader.loadClass(ClassLoader.java:525)
	at TRANSFORMER/randomenchants2@7.1/net.hir0shiyt.randomenchants2.enchantment.TrueLifeSteal.onArrowHit(TrueLifeSteal.java:83)
	at TRANSFORMER/randomenchants2@7.1/net.hir0shiyt.randomenchants2.enchantment.__TrueLifeSteal_onArrowHit_ProjectileImpactEvent.invoke(.dynamic)
	at MC-BOOTSTRAP/net.minecraftforge.eventbus/net.minecraftforge.eventbus.ASMEventHandler.invoke(ASMEventHandler.java:73)
	at MC-BOOTSTRAP/net.minecraftforge.eventbus/net.minecraftforge.eventbus.EventBus.post(EventBus.java:315)
	at MC-BOOTSTRAP/net.minecraftforge.eventbus/net.minecraftforge.eventbus.EventBus.post(EventBus.java:296)
	at TRANSFORMER/forge@47.3.33/net.minecraftforge.event.ForgeEventFactory.onProjectileImpactResult(ForgeEventFactory.java:677)
	at TRANSFORMER/minecraft@1.20.1/net.minecraft.world.entity.projectile.AbstractArrow.m_8119_(AbstractArrow.java:192)
	at TRANSFORMER/minecraft@1.20.1/net.minecraft.world.entity.projectile.Arrow.m_8119_(Arrow.java:104)
	at TRANSFORMER/minecraft@1.20.1/net.minecraft.server.level.ServerLevel.m_8647_(ServerLevel.java:694)
	at TRANSFORMER/minecraft@1.20.1/net.minecraft.world.level.Level.m_46653_(Level.java:479)
	at TRANSFORMER/minecraft@1.20.1/net.minecraft.server.level.ServerLevel.m_184063_(ServerLevel.java:343)
	at TRANSFORMER/minecraft@1.20.1/net.minecraft.world.level.entity.EntityTickList.m_156910_(EntityTickList.java:54)
	at TRANSFORMER/minecraft@1.20.1/net.minecraft.server.level.ServerLevel.m_8793_(ServerLevel.java:323)
	at TRANSFORMER/minecraft@1.20.1/net.minecraft.server.MinecraftServer.m_5703_(MinecraftServer.java:893)
	at TRANSFORMER/minecraft@1.20.1/net.minecraft.server.dedicated.DedicatedServer.m_5703_(DedicatedServer.java:283)
	at TRANSFORMER/minecraft@1.20.1/net.minecraft.server.MinecraftServer.m_5705_(MinecraftServer.java:814)
	at TRANSFORMER/minecraft@1.20.1/net.minecraft.server.MinecraftServer.m_130011_(MinecraftServer.java:661)
	at TRANSFORMER/minecraft@1.20.1/net.minecraft.server.MinecraftServer.m_206580_(MinecraftServer.java:251)
	at java.base/java.lang.Thread.run(Thread.java:840)

[24Feb2025 00:12:28.950] [Server thread/ERROR] [net.minecraft.server.MinecraftServer/]: Encountered an unexpected exception
net.minecraft.ReportedException: Ticking entity
	at net.minecraft.server.MinecraftServer.m_5703_(MinecraftServer.java:897) ~[server-1.20.1-20230612.114412-srg.jar%23185!/:?]
	at net.minecraft.server.dedicated.DedicatedServer.m_5703_(DedicatedServer.java:283) ~[server-1.20.1-20230612.114412-srg.jar%23185!/:?]
	at net.minecraft.server.MinecraftServer.m_5705_(MinecraftServer.java:814) ~[server-1.20.1-20230612.114412-srg.jar%23185!/:?]
	at net.minecraft.server.MinecraftServer.m_130011_(MinecraftServer.java:661) ~[server-1.20.1-20230612.114412-srg.jar%23185!/:?]
	at net.minecraft.server.MinecraftServer.m_206580_(MinecraftServer.java:251) ~[server-1.20.1-20230612.114412-srg.jar%23185!/:?]
	at java.lang.Thread.run(Thread.java:840) ~[?:?]
Caused by: java.lang.RuntimeException: Attempted to load class net/minecraft/client/Minecraft for invalid dist DEDICATED_SERVER
	at net.minecraftforge.fml.loading.RuntimeDistCleaner.processClassWithFlags(RuntimeDistCleaner.java:57) ~[fmlloader-1.20.1-47.3.33.jar%2369!/:1.0]
	at cpw.mods.modlauncher.LaunchPluginHandler.offerClassNodeToPlugins(LaunchPluginHandler.java:88) ~[modlauncher-10.0.9.jar%2355!/:?]
	at cpw.mods.modlauncher.ClassTransformer.transform(ClassTransformer.java:120) ~[modlauncher-10.0.9.jar%2355!/:?]
	at cpw.mods.modlauncher.TransformingClassLoader.maybeTransformClassBytes(TransformingClassLoader.java:50) ~[modlauncher-10.0.9.jar%2355!/:?]
	at cpw.mods.cl.ModuleClassLoader.readerToClass(ModuleClassLoader.java:113) ~[securejarhandler-2.1.10.jar:?]
	at cpw.mods.cl.ModuleClassLoader.lambda$findClass$15(ModuleClassLoader.java:219) ~[securejarhandler-2.1.10.jar:?]
	at cpw.mods.cl.ModuleClassLoader.loadFromModule(ModuleClassLoader.java:229) ~[securejarhandler-2.1.10.jar:?]
	at cpw.mods.cl.ModuleClassLoader.findClass(ModuleClassLoader.java:219) ~[securejarhandler-2.1.10.jar:?]
	at cpw.mods.cl.ModuleClassLoader.loadClass(ModuleClassLoader.java:135) ~[securejarhandler-2.1.10.jar:?]
	at java.lang.ClassLoader.loadClass(ClassLoader.java:525) ~[?:?]
	at net.hir0shiyt.randomenchants2.enchantment.TrueLifeSteal.onArrowHit(TrueLifeSteal.java:83) ~[randomenchants2-7.1-1.20.1.jar%23170!/:7.1-1.20.1]
	at net.hir0shiyt.randomenchants2.enchantment.__TrueLifeSteal_onArrowHit_ProjectileImpactEvent.invoke(.dynamic) ~[randomenchants2-7.1-1.20.1.jar%23170!/:7.1-1.20.1]
	at net.minecraftforge.eventbus.ASMEventHandler.invoke(ASMEventHandler.java:73) ~[eventbus-6.0.5.jar%2352!/:?]
	at net.minecraftforge.eventbus.EventBus.post(EventBus.java:315) ~[eventbus-6.0.5.jar%2352!/:?]
	at net.minecraftforge.eventbus.EventBus.post(EventBus.java:296) ~[eventbus-6.0.5.jar%2352!/:?]
	at net.minecraftforge.event.ForgeEventFactory.onProjectileImpactResult(ForgeEventFactory.java:677) ~[forge-1.20.1-47.3.33-universal.jar%23190!/:?]
	at net.minecraft.world.entity.projectile.AbstractArrow.m_8119_(AbstractArrow.java:192) ~[server-1.20.1-20230612.114412-srg.jar%23185!/:?]
	at net.minecraft.world.entity.projectile.Arrow.m_8119_(Arrow.java:104) ~[server-1.20.1-20230612.114412-srg.jar%23185!/:?]
	at net.minecraft.server.level.ServerLevel.m_8647_(ServerLevel.java:694) ~[server-1.20.1-20230612.114412-srg.jar%23185!/:?]
	at net.minecraft.world.level.Level.m_46653_(Level.java:479) ~[server-1.20.1-20230612.114412-srg.jar%23185!/:?]
	at net.minecraft.server.level.ServerLevel.m_184063_(ServerLevel.java:343) ~[server-1.20.1-20230612.114412-srg.jar%23185!/:?]
	at net.minecraft.world.level.entity.EntityTickList.m_156910_(EntityTickList.java:54) ~[server-1.20.1-20230612.114412-srg.jar%23185!/:?]
	at net.minecraft.server.level.ServerLevel.m_8793_(ServerLevel.java:323) ~[server-1.20.1-20230612.114412-srg.jar%23185!/:?]
	at net.minecraft.server.MinecraftServer.m_5703_(MinecraftServer.java:893) ~[server-1.20.1-20230612.114412-srg.jar%23185!/:?]
	... 5 more
[24Feb2025 00:12:28.987] [Server thread/FATAL] [net.minecraftforge.common.ForgeMod/]: Preparing crash report with UUID c37344e6-f371-4bf4-8d01-05adbca2cf85
[24Feb2025 00:12:28.988] [Server thread/ERROR] [net.minecraft.server.MinecraftServer/]: This crash report has been saved to: /workspaces/MC/servidor_minecraft/./crash-reports/crash-2025-02-24_00.12.28-server.txt
[24Feb2025 00:12:28.989] [Server thread/INFO] [net.minecraft.server.MinecraftServer/]: Stopping server
[24Feb2025 00:12:28.990] [Server thread/INFO] [net.minecraft.server.MinecraftServer/]: Saving players
[24Feb2025 00:12:29.022] [Server thread/INFO] [net.minecraft.server.network.ServerGamePacketListenerImpl/]: YizuzD lost connection: Server closed
[24Feb2025 00:12:29.022] [Server thread/INFO] [net.minecraft.server.MinecraftServer/]: YizuzD left the game
[24Feb2025 00:12:29.036] [Server thread/INFO] [net.minecraft.server.MinecraftServer/]: Saving worlds
[24Feb2025 00:12:29.422] [Server thread/INFO] [net.minecraft.server.MinecraftServer/]: Saving chunks for level 'ServerLevel[World]'/minecraft:overworld
[24Feb2025 00:12:29.867] [Server thread/INFO] [net.minecraft.server.MinecraftServer/]: Saving chunks for level 'ServerLevel[World]'/aether:the_aether
[24Feb2025 00:12:29.868] [Server thread/INFO] [net.minecraft.server.MinecraftServer/]: Saving chunks for level 'ServerLevel[World]'/minecraft:the_end
[24Feb2025 00:12:29.923] [Server thread/INFO] [net.minecraft.server.MinecraftServer/]: Saving chunks for level 'ServerLevel[World]'/twilightforest:twilight_forest
[24Feb2025 00:12:29.924] [Server thread/INFO] [net.minecraft.server.MinecraftServer/]: Saving chunks for level 'ServerLevel[World]'/minecraft:the_nether
[24Feb2025 00:12:29.925] [Server thread/INFO] [net.minecraft.server.MinecraftServer/]: Saving chunks for level 'ServerLevel[World]'/deeperdarker:otherside
[24Feb2025 00:12:29.970] [Server thread/INFO] [net.minecraft.server.MinecraftServer/]: ThreadedAnvilChunkStorage (world): All chunks are saved
[24Feb2025 00:12:29.970] [Server thread/INFO] [net.minecraft.server.MinecraftServer/]: ThreadedAnvilChunkStorage (the_aether): All chunks are saved
[24Feb2025 00:12:29.970] [Server thread/INFO] [net.minecraft.server.MinecraftServer/]: ThreadedAnvilChunkStorage (DIM1): All chunks are saved
[24Feb2025 00:12:29.971] [Server thread/INFO] [net.minecraft.server.MinecraftServer/]: ThreadedAnvilChunkStorage (twilight_forest): All chunks are saved
[24Feb2025 00:12:29.971] [Server thread/INFO] [net.minecraft.server.MinecraftServer/]: ThreadedAnvilChunkStorage (DIM-1): All chunks are saved
[24Feb2025 00:12:29.971] [Server thread/INFO] [net.minecraft.server.MinecraftServer/]: ThreadedAnvilChunkStorage (otherside): All chunks are saved
[24Feb2025 00:12:29.971] [Server thread/INFO] [net.minecraft.server.MinecraftServer/]: ThreadedAnvilChunkStorage: All dimensions are saved
[24Feb2025 00:12:30.131] [Server thread/INFO] [Framework/]: Unloading server configs...
[24Feb2025 00:12:30.132] [Server thread/INFO] [Framework/]: Sending config unload event for goblintraders-entities.toml
[24Feb2025 00:12:30.134] [Server thread/INFO] [Framework/]: Finished unloading server configs
[24Feb2025 00:12:30.135] [Server thread/INFO] [journeymap/]: Loading JourneyMap Forge Configs
